[20-Nov-2017 00:16:00 UTC] PHP Warning:  mysqli_num_rows() expects parameter 1 to be mysqli_result, boolean given in /home/ubuntu/workspace/atropos/include/signup.php on line 38
[20-Nov-2017 00:16:14 UTC] PHP Warning:  mysqli_num_rows() expects parameter 1 to be mysqli_result, boolean given in /home/ubuntu/workspace/atropos/include/login.php on line 20
[20-Nov-2017 00:17:09 UTC] PHP Warning:  mysqli_num_rows() expects parameter 1 to be mysqli_result, boolean given in /home/ubuntu/workspace/atropos/include/login.php on line 20
[20-Nov-2017 00:19:19 UTC] PHP Warning:  mysqli_num_rows() expects parameter 1 to be mysqli_result, boolean given in /home/ubuntu/workspace/atropos/include/signup.php on line 38
[20-Nov-2017 00:20:34 UTC] PHP Warning:  mysqli_num_rows() expects parameter 1 to be mysqli_result, boolean given in /home/ubuntu/workspace/atropos/include/signup.php on line 38
[20-Nov-2017 00:22:57 UTC] PHP Warning:  mysqli_num_rows() expects parameter 1 to be mysqli_result, boolean given in /home/ubuntu/workspace/atropos/include/signup.php on line 38
[20-Nov-2017 00:26:14 UTC] PHP Warning:  mysqli_num_rows() expects parameter 1 to be mysqli_result, boolean given in /home/ubuntu/workspace/atropos/include/signup.php on line 38
[20-Nov-2017 00:36:15 UTC] PHP Notice:  Undefined index: password in /home/ubuntu/workspace/atropos/include/login.php on line 27
[20-Nov-2017 00:37:20 UTC] PHP Notice:  Undefined index: password in /home/ubuntu/workspace/atropos/include/login.php on line 27
[20-Nov-2017 00:37:32 UTC] PHP Notice:  Undefined index: password in /home/ubuntu/workspace/atropos/include/login.php on line 27
[20-Nov-2017 00:37:38 UTC] PHP Notice:  Undefined index: password in /home/ubuntu/workspace/atropos/include/login.php on line 27
[20-Nov-2017 00:38:35 UTC] PHP Notice:  Undefined index: password in /home/ubuntu/workspace/atropos/include/login.php on line 27
[20-Nov-2017 00:39:47 UTC] PHP Notice:  Undefined index: password in /home/ubuntu/workspace/atropos/include/login.php on line 27
[20-Nov-2017 00:40:40 UTC] PHP Notice:  Undefined index: username in /home/ubuntu/workspace/atropos/include/login.php on line 37
[20-Nov-2017 00:41:32 UTC] PHP Notice:  Undefined index: username in /home/ubuntu/workspace/atropos/include/login.php on line 37
[20-Nov-2017 00:43:13 UTC] PHP Parse error:  syntax error, unexpected '' (T_ENCAPSED_AND_WHITESPACE), expecting identifier (T_STRING) or variable (T_VARIABLE) or number (T_NUM_STRING) in /home/ubuntu/workspace/atropos/include/login.php on line 38
[20-Nov-2017 00:43:25 UTC] PHP Parse error:  syntax error, unexpected '' (T_ENCAPSED_AND_WHITESPACE), expecting identifier (T_STRING) or variable (T_VARIABLE) or number (T_NUM_STRING) in /home/ubuntu/workspace/atropos/include/login.php on line 38
[20-Nov-2017 00:43:39 UTC] PHP Parse error:  syntax error, unexpected '' (T_ENCAPSED_AND_WHITESPACE), expecting identifier (T_STRING) or variable (T_VARIABLE) or number (T_NUM_STRING) in /home/ubuntu/workspace/atropos/include/login.php on line 38
[20-Nov-2017 00:44:28 UTC] PHP Notice:  Undefined index: username in /home/ubuntu/workspace/atropos/include/login.php on line 37
[20-Nov-2017 00:50:03 UTC] PHP Notice:  Undefined index: username in /home/ubuntu/workspace/atropos/include/login.php on line 37
[20-Nov-2017 00:58:26 UTC] PHP Notice:  Undefined index: username in /home/ubuntu/workspace/atropos/include/login.php on line 37
[20-Nov-2017 01:16:29 UTC] PHP Notice:  Undefined index: username in /home/ubuntu/workspace/atropos/include/login.php on line 37
[20-Nov-2017 01:17:22 UTC] PHP Notice:  Undefined index: username in /home/ubuntu/workspace/atropos/include/login.php on line 37
[20-Nov-2017 01:20:50 UTC] PHP Notice:  Undefined index: username in /home/ubuntu/workspace/atropos/include/login.php on line 37
[20-Nov-2017 01:38:11 UTC] PHP Notice:  Undefined index: username in /home/ubuntu/workspace/atropos/include/login.php on line 37
[20-Nov-2017 04:18:25 UTC] PHP Notice:  Undefined variable: house in /home/ubuntu/workspace/atropos/include/signup.php on line 52
[20-Nov-2017 05:01:21 UTC] PHP Warning:  mysqli_num_rows() expects parameter 1 to be mysqli_result, boolean given in /home/ubuntu/workspace/atropos/include/login.php on line 20
[20-Nov-2017 05:01:32 UTC] PHP Warning:  mysqli_num_rows() expects parameter 1 to be mysqli_result, boolean given in /home/ubuntu/workspace/atropos/include/login.php on line 20
[20-Nov-2017 05:07:54 UTC] PHP Warning:  mysqli_num_rows() expects parameter 1 to be mysqli_result, boolean given in /home/ubuntu/workspace/atropos/include/login.php on line 20
[20-Nov-2017 05:10:40 UTC] PHP Warning:  mysqli_num_rows() expects parameter 1 to be mysqli_result, boolean given in /home/ubuntu/workspace/atropos/include/login.php on line 20
[20-Nov-2017 05:13:23 UTC] PHP Warning:  mysqli_num_rows() expects parameter 1 to be mysqli_result, boolean given in /home/ubuntu/workspace/atropos/include/login.php on line 20
[20-Nov-2017 05:14:23 UTC] PHP Warning:  mysqli_num_rows() expects parameter 1 to be mysqli_result, boolean given in /home/ubuntu/workspace/atropos/include/login.php on line 20
[20-Nov-2017 05:22:21 UTC] PHP Warning:  mysqli_num_rows() expects parameter 1 to be mysqli_result, boolean given in /home/ubuntu/workspace/atropos/include/login.php on line 20
[20-Nov-2017 05:22:34 UTC] PHP Warning:  mysqli_num_rows() expects parameter 1 to be mysqli_result, boolean given in /home/ubuntu/workspace/atropos/include/login.php on line 20
[20-Nov-2017 05:22:41 UTC] PHP Warning:  mysqli_num_rows() expects parameter 1 to be mysqli_result, boolean given in /home/ubuntu/workspace/atropos/include/login.php on line 20
[20-Nov-2017 06:12:40 UTC] PHP Warning:  mysqli_num_rows() expects parameter 1 to be mysqli_result, boolean given in /home/ubuntu/workspace/atropos/include/login.php on line 20
[20-Nov-2017 06:13:24 UTC] PHP Warning:  mysqli_num_rows() expects parameter 1 to be mysqli_result, boolean given in /home/ubuntu/workspace/atropos/include/login.php on line 20
[20-Nov-2017 06:21:27 UTC] PHP Warning:  mysqli_num_rows() expects parameter 1 to be mysqli_result, boolean given in /home/ubuntu/workspace/atropos/include/login.php on line 20
[20-Nov-2017 06:49:37 UTC] PHP Warning:  mysqli_num_rows() expects parameter 1 to be mysqli_result, boolean given in /home/ubuntu/workspace/atropos/include/login.php on line 20
[20-Nov-2017 07:46:07 UTC] PHP Warning:  mysqli_num_rows() expects parameter 1 to be mysqli_result, boolean given in /home/ubuntu/workspace/atropos/include/login.php on line 20
[20-Nov-2017 07:46:35 UTC] PHP Warning:  mysqli_num_rows() expects parameter 1 to be mysqli_result, boolean given in /home/ubuntu/workspace/atropos/include/login.php on line 20
[20-Nov-2017 07:46:48 UTC] PHP Warning:  mysqli_num_rows() expects parameter 1 to be mysqli_result, boolean given in /home/ubuntu/workspace/atropos/include/login.php on line 20
[20-Nov-2017 07:47:01 UTC] PHP Warning:  mysqli_num_rows() expects parameter 1 to be mysqli_result, boolean given in /home/ubuntu/workspace/atropos/include/login.php on line 20
[20-Nov-2017 07:47:38 UTC] PHP Warning:  mysqli_num_rows() expects parameter 1 to be mysqli_result, boolean given in /home/ubuntu/workspace/atropos/include/login.php on line 20
[20-Nov-2017 07:55:19 UTC] PHP Warning:  mysqli_num_rows() expects parameter 1 to be mysqli_result, boolean given in /home/ubuntu/workspace/atropos/include/login.php on line 20
[20-Nov-2017 07:57:21 UTC] PHP Warning:  mysqli_num_rows() expects parameter 1 to be mysqli_result, boolean given in /home/ubuntu/workspace/atropos/include/login.php on line 20
[20-Nov-2017 07:57:32 UTC] PHP Warning:  mysqli_num_rows() expects parameter 1 to be mysqli_result, boolean given in /home/ubuntu/workspace/atropos/include/login.php on line 20
[20-Nov-2017 07:59:32 UTC] PHP Notice:  Undefined index: username in /home/ubuntu/workspace/atropos/include/login.php on line 37
[20-Nov-2017 08:02:28 UTC] PHP Notice:  Undefined index: username in /home/ubuntu/workspace/atropos/include/login.php on line 37
[20-Nov-2017 08:03:58 UTC] PHP Notice:  Undefined index: username in /home/ubuntu/workspace/atropos/include/login.php on line 37
[21-Nov-2017 17:58:31 UTC] PHP Warning:  include_once(headtag.php): failed to open stream: No such file or directory in /home/ubuntu/workspace/atropos/Milestone5/projection.php on line 3
[21-Nov-2017 17:58:31 UTC] PHP Warning:  include_once(): Failed opening 'headtag.php' for inclusion (include_path='.:/usr/share/php') in /home/ubuntu/workspace/atropos/Milestone5/projection.php on line 3
[21-Nov-2017 17:58:31 UTC] PHP Warning:  require_once(./vendor/autoload.php): failed to open stream: No such file or directory in /home/ubuntu/workspace/atropos/Milestone5/projection.php on line 9
[21-Nov-2017 17:58:31 UTC] PHP Fatal error:  require_once(): Failed opening required './vendor/autoload.php' (include_path='.:/usr/share/php') in /home/ubuntu/workspace/atropos/Milestone5/projection.php on line 9
[21-Nov-2017 18:01:53 UTC] PHP Warning:  include_once(headtag.php): failed to open stream: No such file or directory in /home/ubuntu/workspace/atropos/Milestone5/projection.php on line 3
[21-Nov-2017 18:01:53 UTC] PHP Warning:  include_once(): Failed opening 'headtag.php' for inclusion (include_path='.:/usr/share/php') in /home/ubuntu/workspace/atropos/Milestone5/projection.php on line 3
[21-Nov-2017 18:01:53 UTC] PHP Warning:  require_once(./vendor/autoload.php): failed to open stream: No such file or directory in /home/ubuntu/workspace/atropos/Milestone5/projection.php on line 9
[21-Nov-2017 18:01:53 UTC] PHP Fatal error:  require_once(): Failed opening required './vendor/autoload.php' (include_path='.:/usr/share/php') in /home/ubuntu/workspace/atropos/Milestone5/projection.php on line 9
[21-Nov-2017 18:03:03 UTC] PHP Warning:  include_once(headtag.php): failed to open stream: No such file or directory in /home/ubuntu/workspace/atropos/Milestone5/projection.php on line 3
[21-Nov-2017 18:03:03 UTC] PHP Warning:  include_once(): Failed opening 'headtag.php' for inclusion (include_path='.:/usr/share/php') in /home/ubuntu/workspace/atropos/Milestone5/projection.php on line 3
[21-Nov-2017 18:03:03 UTC] PHP Warning:  require_once(./vendor/autoload.php): failed to open stream: No such file or directory in /home/ubuntu/workspace/atropos/Milestone5/projection.php on line 9
[21-Nov-2017 18:03:03 UTC] PHP Fatal error:  require_once(): Failed opening required './vendor/autoload.php' (include_path='.:/usr/share/php') in /home/ubuntu/workspace/atropos/Milestone5/projection.php on line 9
[21-Nov-2017 18:03:37 UTC] PHP Warning:  include_once(headtag.php): failed to open stream: No such file or directory in /home/ubuntu/workspace/atropos/Milestone5/projection.php on line 3
[21-Nov-2017 18:03:37 UTC] PHP Warning:  include_once(): Failed opening 'headtag.php' for inclusion (include_path='.:/usr/share/php') in /home/ubuntu/workspace/atropos/Milestone5/projection.php on line 3
[21-Nov-2017 18:03:37 UTC] PHP Warning:  require_once(./vendor/autoload.php): failed to open stream: No such file or directory in /home/ubuntu/workspace/atropos/Milestone5/projection.php on line 9
[21-Nov-2017 18:03:37 UTC] PHP Fatal error:  require_once(): Failed opening required './vendor/autoload.php' (include_path='.:/usr/share/php') in /home/ubuntu/workspace/atropos/Milestone5/projection.php on line 9
[21-Nov-2017 18:03:56 UTC] PHP Warning:  include_once(headtag.php): failed to open stream: No such file or directory in /home/ubuntu/workspace/atropos/Milestone5/projection.php on line 3
[21-Nov-2017 18:03:56 UTC] PHP Warning:  include_once(): Failed opening 'headtag.php' for inclusion (include_path='.:/usr/share/php') in /home/ubuntu/workspace/atropos/Milestone5/projection.php on line 3
[21-Nov-2017 18:03:56 UTC] PHP Warning:  require_once(./vendor/autoload.php): failed to open stream: No such file or directory in /home/ubuntu/workspace/atropos/Milestone5/projection.php on line 9
[21-Nov-2017 18:03:56 UTC] PHP Fatal error:  require_once(): Failed opening required './vendor/autoload.php' (include_path='.:/usr/share/php') in /home/ubuntu/workspace/atropos/Milestone5/projection.php on line 9
[21-Nov-2017 18:04:21 UTC] PHP Warning:  include_once(headtag.php): failed to open stream: No such file or directory in /home/ubuntu/workspace/atropos/Milestone5/projection.php on line 3
[21-Nov-2017 18:04:21 UTC] PHP Warning:  include_once(): Failed opening 'headtag.php' for inclusion (include_path='.:/usr/share/php') in /home/ubuntu/workspace/atropos/Milestone5/projection.php on line 3
[21-Nov-2017 18:04:21 UTC] PHP Warning:  require_once(./vendor/autoload.php): failed to open stream: No such file or directory in /home/ubuntu/workspace/atropos/Milestone5/projection.php on line 9
[21-Nov-2017 18:04:21 UTC] PHP Fatal error:  require_once(): Failed opening required './vendor/autoload.php' (include_path='.:/usr/share/php') in /home/ubuntu/workspace/atropos/Milestone5/projection.php on line 9
[21-Nov-2017 18:05:25 UTC] PHP Warning:  include_once(headtag.php): failed to open stream: No such file or directory in /home/ubuntu/workspace/atropos/Milestone5/projection.php on line 3
[21-Nov-2017 18:05:25 UTC] PHP Warning:  include_once(): Failed opening 'headtag.php' for inclusion (include_path='.:/usr/share/php') in /home/ubuntu/workspace/atropos/Milestone5/projection.php on line 3
[21-Nov-2017 18:05:25 UTC] PHP Warning:  require_once(./vendor/autoload.php): failed to open stream: No such file or directory in /home/ubuntu/workspace/atropos/Milestone5/projection.php on line 9
[21-Nov-2017 18:05:25 UTC] PHP Fatal error:  require_once(): Failed opening required './vendor/autoload.php' (include_path='.:/usr/share/php') in /home/ubuntu/workspace/atropos/Milestone5/projection.php on line 9
[21-Nov-2017 18:09:14 UTC] PHP Warning:  include_once(headtag.php): failed to open stream: No such file or directory in /home/ubuntu/workspace/atropos/Milestone5/projection.php on line 3
[21-Nov-2017 18:09:14 UTC] PHP Warning:  include_once(): Failed opening 'headtag.php' for inclusion (include_path='.:/usr/share/php') in /home/ubuntu/workspace/atropos/Milestone5/projection.php on line 3
[21-Nov-2017 18:09:14 UTC] PHP Warning:  require_once(./vendor/autoload.php): failed to open stream: No such file or directory in /home/ubuntu/workspace/atropos/Milestone5/projection.php on line 9
[21-Nov-2017 18:09:14 UTC] PHP Fatal error:  require_once(): Failed opening required './vendor/autoload.php' (include_path='.:/usr/share/php') in /home/ubuntu/workspace/atropos/Milestone5/projection.php on line 9
[21-Nov-2017 18:10:27 UTC] PHP Warning:  include_once(headtag.php): failed to open stream: No such file or directory in /home/ubuntu/workspace/atropos/Milestone5/projection.php on line 3
[21-Nov-2017 18:10:27 UTC] PHP Warning:  include_once(): Failed opening 'headtag.php' for inclusion (include_path='.:/usr/share/php') in /home/ubuntu/workspace/atropos/Milestone5/projection.php on line 3
[21-Nov-2017 18:10:27 UTC] PHP Warning:  require_once(./vendor/autoload.php): failed to open stream: No such file or directory in /home/ubuntu/workspace/atropos/Milestone5/projection.php on line 9
[21-Nov-2017 18:10:27 UTC] PHP Fatal error:  require_once(): Failed opening required './vendor/autoload.php' (include_path='.:/usr/share/php') in /home/ubuntu/workspace/atropos/Milestone5/projection.php on line 9
[21-Nov-2017 18:11:35 UTC] PHP Warning:  include_once(headtag.php): failed to open stream: No such file or directory in /home/ubuntu/workspace/atropos/Milestone5/projection.php on line 3
[21-Nov-2017 18:11:35 UTC] PHP Warning:  include_once(): Failed opening 'headtag.php' for inclusion (include_path='.:/usr/share/php') in /home/ubuntu/workspace/atropos/Milestone5/projection.php on line 3
[21-Nov-2017 18:11:35 UTC] PHP Warning:  require_once(./vendor/autoload.php): failed to open stream: No such file or directory in /home/ubuntu/workspace/atropos/Milestone5/projection.php on line 9
[21-Nov-2017 18:11:35 UTC] PHP Fatal error:  require_once(): Failed opening required './vendor/autoload.php' (include_path='.:/usr/share/php') in /home/ubuntu/workspace/atropos/Milestone5/projection.php on line 9
[21-Nov-2017 18:11:49 UTC] PHP Warning:  include_once(headtag.php): failed to open stream: No such file or directory in /home/ubuntu/workspace/atropos/Milestone5/projection.php on line 3
[21-Nov-2017 18:11:49 UTC] PHP Warning:  include_once(): Failed opening 'headtag.php' for inclusion (include_path='.:/usr/share/php') in /home/ubuntu/workspace/atropos/Milestone5/projection.php on line 3
[21-Nov-2017 18:11:49 UTC] PHP Warning:  require_once(./vendor/autoload.php): failed to open stream: No such file or directory in /home/ubuntu/workspace/atropos/Milestone5/projection.php on line 9
[21-Nov-2017 18:11:49 UTC] PHP Fatal error:  require_once(): Failed opening required './vendor/autoload.php' (include_path='.:/usr/share/php') in /home/ubuntu/workspace/atropos/Milestone5/projection.php on line 9
